* * * * * * * * * * * * * * * * * * * * 
Starting cycle: 2010-07-15 15:15:03.379849
[Check for new followers]
  - New followers: 1
* * * * * * * * * * * * * * * * * * * * 
Starting cycle: 2010-07-15 15:16:41.397223
[Check for new followers]
  - New followers: 0
[Prune losers]
  - Checking 0 users for recent follow
  - Reciprocated follow: 0
  - Losers: 0
[Find new followers]
  - query: ['$HPQ']
  - probable human: 18 / 150 
    - Followed: ultramarinoalex
    - Followed: brian2346
    - Followed: VKuber
    - Followed: bulls96
    - Followed: techranter
    - Followed: gritts
    - Followed: LeoxavierA
    - Followed: BillSanders1
    - Followed: bradfranklin
    - Followed: Bulgaro
    - Followed: TmoNews_Kick13
    - Followed: zdwsnyc
    - Followed: SammHo
    - Followed: markdante1
    - Followed: murigimuraya
    - Followed: JHamilton24
* * * * * * * * * * * * * * * * * * * * 
Starting cycle: 2010-07-15 16:11:01.444656
[Check for new followers]
  - New followers: 0
[Prune losers]
  - Checking 0 users for recent follow
  - Reciprocated follow: 0
  - Losers: 0
[Find new followers]
  - query: ['$HPQ']
  - probable human: 23 / 300 
    - Followed: Kapilkb
    - Followed: The_Gnu_JGH
    - Followed: techsavers
    - Followed: IAmAru
    - Followed: KarenBusiness
* * * * * * * * * * * * * * * * * * * * 
Starting cycle: 2010-07-15 19:33:01.565589
[Check for new followers]
  - New followers: 9
    - Sent DM to: kramericacorp
    - Sent DM to: Ajpl56
    - Sent DM to: vegalyra
    - Sent DM to: LainM333
    - Sent DM to: serge4hair
    - Sent DM to: RTweetCompany
    - Sent DM to: turbochop
    - Sent DM to: markdante1
    - Sent DM to: mybrainfarts
[Prune losers]
  - Checking 0 users for recent follow
  - Reciprocated follow: 0
  - Losers: 0
[Find new followers]
  - query: ['$MSFT']
  - probable human: 21 / 300 
    - Followed: JenniferMeacher
    - Followed: MorrisatLarge
    - Followed: illneverusethis
* * * * * * * * * * * * * * * * * * * * 
Starting cycle: 2010-07-15 20:11:01.882070
[Check for new followers]
  - New followers: 0
[Prune losers]
  - Checking 0 users for recent follow
  - Reciprocated follow: 0
  - Losers: 0
[Find new followers]
  - query: ['$MSFT']
  - probable human: 22 / 500 
    - Followed: WireMonkey557
* * * * * * * * * * * * * * * * * * * * 
Starting cycle: 2010-07-15 21:11:02.047170
[Check for new followers]
  - New followers: 2
    - Sent DM to: hitechfi
    - Sent DM to: WireMonkey557
[Prune losers]
  - Checking 0 users for recent follow
  - Reciprocated follow: 0
  - Losers: 0
[Find new followers]
  - query: ['$HPQ']
  - probable human: 21 / 500 
    - Followed: wesbowman
    - Followed: mr_critic
